<?xml version="1.0" encoding="UTF-8"?>
<!-- Generated by org.testng.reporters.JUnitReportReporter -->
<testsuite hostname="TL1100" failures="0" tests="2" name="testcase.C_POM_Login" time="15.311" errors="0" timestamp="2023-08-31T22:25:45 IST" skipped="0">
  <testcase classname="testcase.C_POM_Login" name="runScenario" time="8.061"/>
  <system-out/>
  <testcase classname="testcase.C_POM_Login" name="runScenario" time="7.250"/>
  <system-out/>
</testsuite> <!-- testcase.C_POM_Login -->
