<?xml version="1.0" encoding="UTF-8"?>
<!-- Generated by org.testng.reporters.JUnitReportReporter -->
<testsuite hostname="TL1100" failures="0" tests="1" name="testcase.TC_0011" time="10.944" errors="0" timestamp="2023-08-31T22:25:45 IST" skipped="0">
  <testcase classname="testcase.TC_0011" name="loginData" time="10.944"/>
  <system-out/>
</testsuite> <!-- testcase.TC_0011 -->
